#
# There is insufficient memory for the Java Runtime Environment to continue.
# Native memory allocation (malloc) failed to allocate 846816 bytes for Chunk::new
# Possible reasons:
#   The system is out of physical RAM or swap space
#   The process is running with CompressedOops enabled, and the Java Heap may be blocking the growth of the native heap
# Possible solutions:
#   Reduce memory load on the system
#   Increase physical memory or swap space
#   Check if swap backing store is full
#   Decrease Java heap size (-Xmx/-Xms)
#   Decrease number of Java threads
#   Decrease Java thread stack sizes (-Xss)
#   Set larger code cache with -XX:ReservedCodeCacheSize=
#   JVM is running with Zero Based Compressed Oops mode in which the Java heap is
#     placed in the first 32GB address space. The Java Heap base address is the
#     maximum limit for the native heap growth. Please use -XX:HeapBaseMinAddress
#     to set the Java Heap base and to place the Java Heap above 32GB virtual address.
# This output file may be truncated or incomplete.
#
#  Out of Memory Error (allocation.cpp:389), pid=21116, tid=0x0000000000005670
#
# JRE version: Java(TM) SE Runtime Environment (8.0_261-b12) (build 1.8.0_261-b12)
# Java VM: Java HotSpot(TM) 64-Bit Server VM (25.261-b12 mixed mode windows-amd64 compressed oops)
# Failed to write core dump. Minidumps are not enabled by default on client versions of Windows
#

---------------  T H R E A D  ---------------

Current thread (0x000001e3082aa800):  JavaThread "C2 CompilerThread1" daemon [_thread_in_native, id=22128, stack(0x00000030d1400000,0x00000030d1500000)]

Stack: [0x00000030d1400000,0x00000030d1500000]
Native frames: (J=compiled Java code, j=interpreted, Vv=VM code, C=native code)
V  [jvm.dll+0x33e5f9]
V  [jvm.dll+0x2850e2]
V  [jvm.dll+0x285d8d]
V  [jvm.dll+0x27c895]
V  [jvm.dll+0xe4d6c]
V  [jvm.dll+0xe556c]
V  [jvm.dll+0x461812]
V  [jvm.dll+0x49cc3d]
V  [jvm.dll+0x45107e]
V  [jvm.dll+0x44eb84]
V  [jvm.dll+0x439bc7]
V  [jvm.dll+0xbbbcb]
V  [jvm.dll+0xba22b]
V  [jvm.dll+0x24d962]
V  [jvm.dll+0x2a1cfc]
C  [ucrtbase.dll+0x21bb2]
C  [KERNEL32.DLL+0x17034]
C  [ntdll.dll+0x52651]


Current CompileTask:
C2:  12997 5238       4       lombok.javac.JavacAST::buildStatementOrExpression (103 bytes)


---------------  P R O C E S S  ---------------

Java Threads: ( => current thread )
  0x000001e3082ce800 JavaThread "Service Thread" daemon [_thread_blocked, id=800, stack(0x00000030d1700000,0x00000030d1800000)]
  0x000001e3082b6000 JavaThread "C1 CompilerThread3" daemon [_thread_in_native, id=1688, stack(0x00000030d1600000,0x00000030d1700000)]
  0x000001e3082ae800 JavaThread "C2 CompilerThread2" daemon [_thread_in_native, id=3408, stack(0x00000030d1500000,0x00000030d1600000)]
=>0x000001e3082aa800 JavaThread "C2 CompilerThread1" daemon [_thread_in_native, id=22128, stack(0x00000030d1400000,0x00000030d1500000)]
  0x000001e3082a8000 JavaThread "C2 CompilerThread0" daemon [_thread_in_native, id=5700, stack(0x00000030d1300000,0x00000030d1400000)]
  0x000001e3082a5000 JavaThread "Attach Listener" daemon [_thread_blocked, id=23876, stack(0x00000030d1200000,0x00000030d1300000)]
  0x000001e308251800 JavaThread "Signal Dispatcher" daemon [_thread_blocked, id=13928, stack(0x00000030d1100000,0x00000030d1200000)]
  0x000001e308221000 JavaThread "Finalizer" daemon [_thread_blocked, id=25164, stack(0x00000030d1000000,0x00000030d1100000)]
  0x000001e308219000 JavaThread "Reference Handler" daemon [_thread_blocked, id=18024, stack(0x00000030d0f00000,0x00000030d1000000)]
  0x000001e36cc07800 JavaThread "main" [_thread_in_native, id=27916, stack(0x00000030d0500000,0x00000030d0600000)]

Other Threads:
  0x000001e3081f1800 VMThread [stack: 0x00000030d0e00000,0x00000030d0f00000] [id=16724]
  0x000001e309580800 WatcherThread [stack: 0x00000030d1800000,0x00000030d1900000] [id=22172]

VM state:not at safepoint (normal execution)

VM Mutex/Monitor currently owned by a thread: None

heap address: 0x00000006c2a00000, size: 4054 MB, Compressed Oops mode: Zero based, Oop shift amount: 3
Narrow klass base: 0x0000000000000000, Narrow klass shift: 3
Compressed class space size: 1073741824 Address: 0x00000007c0000000

Heap:
 PSYoungGen      total 204800K, used 149192K [0x000000076b900000, 0x000000077e700000, 0x00000007c0000000)
  eden space 182272K, 69% used [0x000000076b900000,0x00000007734df618,0x0000000776b00000)
  from space 22528K, 99% used [0x000000077d100000,0x000000077e6d2a68,0x000000077e700000)
  to   space 28672K, 0% used [0x000000077af00000,0x000000077af00000,0x000000077cb00000)
 ParOldGen       total 152576K, used 35689K [0x00000006c2a00000, 0x00000006cbf00000, 0x000000076b900000)
  object space 152576K, 23% used [0x00000006c2a00000,0x00000006c4cda698,0x00000006cbf00000)
 Metaspace       used 30772K, capacity 31616K, committed 31920K, reserved 1077248K
  class space    used 3655K, capacity 3912K, committed 4016K, reserved 1048576K

Card table byte_map: [0x000001e37d860000,0x000001e37e050000] byte_map_base: 0x000001e37a24b000

Marking Bits: (ParMarkBitMap*) 0x000000006ed44fb0
 Begin Bits: [0x000001e300000000, 0x000001e303f58000)
 End Bits:   [0x000001e303f58000, 0x000001e307eb0000)

Polling page: 0x000001e36e470000

CodeCache: size=245760Kb used=17135Kb max_used=17135Kb free=228625Kb
 bounds [0x000001e36e4a0000, 0x000001e36f570000, 0x000001e37d4a0000]
 total_blobs=5208 nmethods=4722 adapters=398
 compilation: enabled

Compilation events (10 events):
Event: 12.965 Thread 0x000001e3082b6000 5284       1       com.sun.tools.javac.code.Scope$Entry::access$000 (5 bytes)
Event: 12.965 Thread 0x000001e3082b6000 nmethod 5284 0x000001e36f568a50 code [0x000001e36f568ba0, 0x000001e36f568c98]
Event: 12.965 Thread 0x000001e3082b6000 5286       3       com.sun.tools.javac.code.Types::erasure (19 bytes)
Event: 12.966 Thread 0x000001e3082b6000 nmethod 5286 0x000001e36f568d10 code [0x000001e36f568ee0, 0x000001e36f569710]
Event: 12.966 Thread 0x000001e3082b6000 5287       3       com.sun.tools.javac.code.Types::eraseNotNeeded (30 bytes)
Event: 12.966 Thread 0x000001e3082b6000 nmethod 5287 0x000001e36f569a10 code [0x000001e36f569b80, 0x000001e36f569e70]
Event: 12.970 Thread 0x000001e3082b6000 5288       3       com.sun.tools.javac.file.ZipFileIndex$DirectoryEntry::getFiles (75 bytes)
Event: 12.971 Thread 0x000001e3082b6000 nmethod 5288 0x000001e36f569f90 code [0x000001e36f56a180, 0x000001e36f56abf0]
Event: 12.973 Thread 0x000001e3082b6000 5289       1       com.sun.tools.javac.tree.JCTree$JCFieldAccess::getTag (4 bytes)
Event: 12.973 Thread 0x000001e3082b6000 nmethod 5289 0x000001e36f56b050 code [0x000001e36f56b1a0, 0x000001e36f56b2b8]

GC Heap History (10 events):
Event: 3.844 GC heap before
{Heap before GC invocations=3 (full 0):
 PSYoungGen      total 75776K, used 75774K [0x000000076b900000, 0x0000000770d80000, 0x00000007c0000000)
  eden space 65024K, 100% used [0x000000076b900000,0x000000076f880000,0x000000076f880000)
  from space 10752K, 99% used [0x0000000770300000,0x0000000770d7fab0,0x0000000770d80000)
  to   space 10752K, 0% used [0x000000076f880000,0x000000076f880000,0x0000000770300000)
 ParOldGen       total 173568K, used 328K [0x00000006c2a00000, 0x00000006cd380000, 0x000000076b900000)
  object space 173568K, 0% used [0x00000006c2a00000,0x00000006c2a52248,0x00000006cd380000)
 Metaspace       used 15878K, capacity 16222K, committed 16384K, reserved 1062912K
  class space    used 1895K, capacity 2014K, committed 2048K, reserved 1048576K
Event: 3.933 GC heap after
Heap after GC invocations=3 (full 0):
 PSYoungGen      total 75776K, used 10728K [0x000000076b900000, 0x0000000774d00000, 0x00000007c0000000)
  eden space 65024K, 0% used [0x000000076b900000,0x000000076b900000,0x000000076f880000)
  from space 10752K, 99% used [0x000000076f880000,0x00000007702fa040,0x0000000770300000)
  to   space 10752K, 0% used [0x0000000774280000,0x0000000774280000,0x0000000774d00000)
 ParOldGen       total 173568K, used 4887K [0x00000006c2a00000, 0x00000006cd380000, 0x000000076b900000)
  object space 173568K, 2% used [0x00000006c2a00000,0x00000006c2ec5f98,0x00000006cd380000)
 Metaspace       used 15878K, capacity 16222K, committed 16384K, reserved 1062912K
  class space    used 1895K, capacity 2014K, committed 2048K, reserved 1048576K
}
Event: 6.177 GC heap before
{Heap before GC invocations=4 (full 0):
 PSYoungGen      total 75776K, used 75752K [0x000000076b900000, 0x0000000774d00000, 0x00000007c0000000)
  eden space 65024K, 100% used [0x000000076b900000,0x000000076f880000,0x000000076f880000)
  from space 10752K, 99% used [0x000000076f880000,0x00000007702fa040,0x0000000770300000)
  to   space 10752K, 0% used [0x0000000774280000,0x0000000774280000,0x0000000774d00000)
 ParOldGen       total 173568K, used 4887K [0x00000006c2a00000, 0x00000006cd380000, 0x000000076b900000)
  object space 173568K, 2% used [0x00000006c2a00000,0x00000006c2ec5f98,0x00000006cd380000)
 Metaspace       used 16197K, capacity 16584K, committed 16896K, reserved 1064960K
  class space    used 1902K, capacity 2021K, committed 2048K, reserved 1048576K
Event: 6.187 GC heap after
Heap after GC invocations=4 (full 0):
 PSYoungGen      total 140800K, used 10728K [0x000000076b900000, 0x0000000774d00000, 0x00000007c0000000)
  eden space 130048K, 0% used [0x000000076b900000,0x000000076b900000,0x0000000773800000)
  from space 10752K, 99% used [0x0000000774280000,0x0000000774cfa040,0x0000000774d00000)
  to   space 10752K, 0% used [0x0000000773800000,0x0000000773800000,0x0000000774280000)
 ParOldGen       total 173568K, used 10974K [0x00000006c2a00000, 0x00000006cd380000, 0x000000076b900000)
  object space 173568K, 6% used [0x00000006c2a00000,0x00000006c34b79a0,0x00000006cd380000)
 Metaspace       used 16197K, capacity 16584K, committed 16896K, reserved 1064960K
  class space    used 1902K, capacity 2021K, committed 2048K, reserved 1048576K
}
Event: 7.925 GC heap before
{Heap before GC invocations=5 (full 0):
 PSYoungGen      total 140800K, used 127253K [0x000000076b900000, 0x0000000774d00000, 0x00000007c0000000)
  eden space 130048K, 89% used [0x000000076b900000,0x0000000772acb5d0,0x0000000773800000)
  from space 10752K, 99% used [0x0000000774280000,0x0000000774cfa040,0x0000000774d00000)
  to   space 10752K, 0% used [0x0000000773800000,0x0000000773800000,0x0000000774280000)
 ParOldGen       total 173568K, used 10974K [0x00000006c2a00000, 0x00000006cd380000, 0x000000076b900000)
  object space 173568K, 6% used [0x00000006c2a00000,0x00000006c34b79a0,0x00000006cd380000)
 Metaspace       used 20757K, capacity 21178K, committed 21296K, reserved 1069056K
  class space    used 2443K, capacity 2586K, committed 2608K, reserved 1048576K
Event: 7.957 GC heap after
Heap after GC invocations=5 (full 0):
 PSYoungGen      total 140800K, used 10728K [0x000000076b900000, 0x000000077eb00000, 0x00000007c0000000)
  eden space 130048K, 0% used [0x000000076b900000,0x000000076b900000,0x0000000773800000)
  from space 10752K, 99% used [0x0000000773800000,0x000000077427a050,0x0000000774280000)
  to   space 26624K, 0% used [0x000000077d100000,0x000000077d100000,0x000000077eb00000)
 ParOldGen       total 173568K, used 26352K [0x00000006c2a00000, 0x00000006cd380000, 0x000000076b900000)
  object space 173568K, 15% used [0x00000006c2a00000,0x00000006c43bc210,0x00000006cd380000)
 Metaspace       used 20757K, capacity 21178K, committed 21296K, reserved 1069056K
  class space    used 2443K, capacity 2586K, committed 2608K, reserved 1048576K
}
Event: 7.957 GC heap before
{Heap before GC invocations=6 (full 1):
 PSYoungGen      total 140800K, used 10728K [0x000000076b900000, 0x000000077eb00000, 0x00000007c0000000)
  eden space 130048K, 0% used [0x000000076b900000,0x000000076b900000,0x0000000773800000)
  from space 10752K, 99% used [0x0000000773800000,0x000000077427a050,0x0000000774280000)
  to   space 26624K, 0% used [0x000000077d100000,0x000000077d100000,0x000000077eb00000)
 ParOldGen       total 173568K, used 26352K [0x00000006c2a00000, 0x00000006cd380000, 0x000000076b900000)
  object space 173568K, 15% used [0x00000006c2a00000,0x00000006c43bc210,0x00000006cd380000)
 Metaspace       used 20757K, capacity 21178K, committed 21296K, reserved 1069056K
  class space    used 2443K, capacity 2586K, committed 2608K, reserved 1048576K
Event: 8.157 GC heap after
Heap after GC invocations=6 (full 1):
 PSYoungGen      total 140800K, used 0K [0x000000076b900000, 0x000000077eb00000, 0x00000007c0000000)
  eden space 130048K, 0% used [0x000000076b900000,0x000000076b900000,0x0000000773800000)
  from space 10752K, 0% used [0x0000000773800000,0x0000000773800000,0x0000000774280000)
  to   space 26624K, 0% used [0x000000077d100000,0x000000077d100000,0x000000077eb00000)
 ParOldGen       total 152576K, used 35681K [0x00000006c2a00000, 0x00000006cbf00000, 0x000000076b900000)
  object space 152576K, 23% used [0x00000006c2a00000,0x00000006c4cd8698,0x00000006cbf00000)
 Metaspace       used 20757K, capacity 21178K, committed 21296K, reserved 1069056K
  class space    used 2443K, capacity 2586K, committed 2608K, reserved 1048576K
}
Event: 12.108 GC heap before
{Heap before GC invocations=7 (full 1):
 PSYoungGen      total 140800K, used 130048K [0x000000076b900000, 0x000000077eb00000, 0x00000007c0000000)
  eden space 130048K, 100% used [0x000000076b900000,0x0000000773800000,0x0000000773800000)
  from space 10752K, 0% used [0x0000000773800000,0x0000000773800000,0x0000000774280000)
  to   space 26624K, 0% used [0x000000077d100000,0x000000077d100000,0x000000077eb00000)
 ParOldGen       total 152576K, used 35681K [0x00000006c2a00000, 0x00000006cbf00000, 0x000000076b900000)
  object space 152576K, 23% used [0x00000006c2a00000,0x00000006c4cd8698,0x00000006cbf00000)
 Metaspace       used 29023K, capacity 29748K, committed 30128K, reserved 1075200K
  class space    used 3462K, capacity 3673K, committed 3760K, reserved 1048576K
Event: 12.131 GC heap after
Heap after GC invocations=7 (full 1):
 PSYoungGen      total 204800K, used 22346K [0x000000076b900000, 0x000000077e700000, 0x00000007c0000000)
  eden space 182272K, 0% used [0x000000076b900000,0x000000076b900000,0x0000000776b00000)
  from space 22528K, 99% used [0x000000077d100000,0x000000077e6d2a68,0x000000077e700000)
  to   space 28672K, 0% used [0x000000077af00000,0x000000077af00000,0x000000077cb00000)
 ParOldGen       total 152576K, used 35689K [0x00000006c2a00000, 0x00000006cbf00000, 0x000000076b900000)
  object space 152576K, 23% used [0x00000006c2a00000,0x00000006c4cda698,0x00000006cbf00000)
 Metaspace       used 29023K, capacity 29748K, committed 30128K, reserved 1075200K
  class space    used 3462K, capacity 3673K, committed 3760K, reserved 1048576K
}

Deoptimization events (10 events):
Event: 12.659 Thread 0x000001e36cc07800 Uncommon trap: reason=unstable_if action=reinterpret pc=0x000001e36ec85454 method=java.net.URLStreamHandler.parseURL(Ljava/net/URL;Ljava/lang/String;II)V @ 925
Event: 12.722 Thread 0x000001e36cc07800 Uncommon trap: reason=bimorphic action=maybe_recompile pc=0x000001e36eb041cc method=java.util.regex.Pattern$5.isSatisfiedBy(I)Z @ 5
Event: 12.722 Thread 0x000001e36cc07800 Uncommon trap: reason=bimorphic action=maybe_recompile pc=0x000001e36eb041b8 method=java.util.regex.Pattern$5.isSatisfiedBy(I)Z @ 5
Event: 12.722 Thread 0x000001e36cc07800 Uncommon trap: reason=bimorphic action=maybe_recompile pc=0x000001e36eb041b8 method=java.util.regex.Pattern$5.isSatisfiedBy(I)Z @ 5
Event: 12.722 Thread 0x000001e36cc07800 Uncommon trap: reason=bimorphic action=maybe_recompile pc=0x000001e36eb041b8 method=java.util.regex.Pattern$5.isSatisfiedBy(I)Z @ 5
Event: 12.736 Thread 0x000001e36cc07800 Uncommon trap: reason=unstable_if action=reinterpret pc=0x000001e36ebd66f0 method=java.util.HashMap.hash(Ljava/lang/Object;)I @ 1
Event: 12.738 Thread 0x000001e36cc07800 Uncommon trap: reason=unstable_if action=reinterpret pc=0x000001e36eb783a8 method=java.util.HashMap.hash(Ljava/lang/Object;)I @ 1
Event: 12.781 Thread 0x000001e36cc07800 Uncommon trap: reason=unstable_if action=reinterpret pc=0x000001e36eab96dc method=java.lang.reflect.Field.get(Ljava/lang/Object;)Ljava/lang/Object; @ 4
Event: 12.874 Thread 0x000001e36cc07800 Uncommon trap: reason=unstable_if action=reinterpret pc=0x000001e36f28cb48 method=java.io.WinNTFileSystem.resolve(Ljava/lang/String;Ljava/lang/String;)Ljava/lang/String; @ 117
Event: 12.933 Thread 0x000001e36cc07800 Uncommon trap: reason=unstable_if action=reinterpret pc=0x000001e36f3b106c method=javax.lang.model.SourceVersion.isIdentifier(Ljava/lang/CharSequence;)Z @ 54

Classes redefined (0 events):
No events

Internal exceptions (10 events):
Event: 12.658 Thread 0x000001e36cc07800 Exception <a 'java/security/PrivilegedActionException'> (0x000000076f94ff38) thrown at [C:\jenkins\workspace\8-2-build-windows-amd64-cygwin\jdk8u261\295\hotspot\src\share\vm\prims\jvm.cpp, line 1512]
Event: 12.659 Thread 0x000001e36cc07800 Exception <a 'java/security/PrivilegedActionException'> (0x000000076f950518) thrown at [C:\jenkins\workspace\8-2-build-windows-amd64-cygwin\jdk8u261\295\hotspot\src\share\vm\prims\jvm.cpp, line 1512]
Event: 12.659 Thread 0x000001e36cc07800 Exception <a 'java/security/PrivilegedActionException'> (0x000000076f9522c8) thrown at [C:\jenkins\workspace\8-2-build-windows-amd64-cygwin\jdk8u261\295\hotspot\src\share\vm\prims\jvm.cpp, line 1512]
Event: 12.659 Thread 0x000001e36cc07800 Exception <a 'java/security/PrivilegedActionException'> (0x000000076f9528a8) thrown at [C:\jenkins\workspace\8-2-build-windows-amd64-cygwin\jdk8u261\295\hotspot\src\share\vm\prims\jvm.cpp, line 1512]
Event: 12.659 Thread 0x000001e36cc07800 Exception <a 'java/security/PrivilegedActionException'> (0x000000076f9546f0) thrown at [C:\jenkins\workspace\8-2-build-windows-amd64-cygwin\jdk8u261\295\hotspot\src\share\vm\prims\jvm.cpp, line 1512]
Event: 12.659 Thread 0x000001e36cc07800 Exception <a 'java/security/PrivilegedActionException'> (0x000000076f954cd0) thrown at [C:\jenkins\workspace\8-2-build-windows-amd64-cygwin\jdk8u261\295\hotspot\src\share\vm\prims\jvm.cpp, line 1512]
Event: 12.659 Thread 0x000001e36cc07800 Exception <a 'java/security/PrivilegedActionException'> (0x000000076f956a68) thrown at [C:\jenkins\workspace\8-2-build-windows-amd64-cygwin\jdk8u261\295\hotspot\src\share\vm\prims\jvm.cpp, line 1512]
Event: 12.659 Thread 0x000001e36cc07800 Exception <a 'java/security/PrivilegedActionException'> (0x000000076f957048) thrown at [C:\jenkins\workspace\8-2-build-windows-amd64-cygwin\jdk8u261\295\hotspot\src\share\vm\prims\jvm.cpp, line 1512]
Event: 12.736 Thread 0x000001e36cc07800 Implicit null exception at 0x000001e36ebd62b3 to 0x000001e36ebd66d9
Event: 12.738 Thread 0x000001e36cc07800 Implicit null exception at 0x000001e36eb78195 to 0x000001e36eb78399

Events (10 events):
Event: 12.920 loading class com/sun/tools/javac/processing/JavacFiler$1 done
Event: 12.922 loading class lombok/launch/AnnotationProcessorHider$ClaimingProcessor
Event: 12.922 loading class lombok/launch/AnnotationProcessorHider$ClaimingProcessor done
Event: 12.923 loading class org/apache/logging/log4j/core/config/plugins/processor/PluginProcessor
Event: 12.923 loading class org/apache/logging/log4j/core/config/plugins/processor/PluginProcessor done
Event: 12.925 loading class org/apache/logging/log4j/core/config/plugins/processor/PluginCache
Event: 12.925 loading class org/apache/logging/log4j/core/config/plugins/processor/PluginCache done
Event: 12.933 Thread 0x000001e36cc07800 Uncommon trap: trap_request=0xffffff65 fr.pc=0x000001e36f3b106c
Event: 12.933 Thread 0x000001e36cc07800 DEOPT PACKING pc=0x000001e36f3b106c sp=0x00000030d05fd150
Event: 12.933 Thread 0x000001e36cc07800 DEOPT UNPACKING pc=0x000001e36e4e5843 sp=0x00000030d05fd0f0 mode 2


Dynamic libraries:
0x00007ff72d3e0000 - 0x00007ff72d427000 	C:\Program Files\Java\jdk1.8.0_261\bin\java.exe
0x00007ff95ab10000 - 0x00007ff95ad05000 	C:\Windows\SYSTEM32\ntdll.dll
0x00007ff959220000 - 0x00007ff9592de000 	C:\Windows\System32\KERNEL32.DLL
0x00007ff9582b0000 - 0x00007ff958578000 	C:\Windows\System32\KERNELBASE.dll
0x00007ff958d00000 - 0x00007ff958dae000 	C:\Windows\System32\ADVAPI32.dll
0x00007ff959f20000 - 0x00007ff959fbe000 	C:\Windows\System32\msvcrt.dll
0x00007ff959930000 - 0x00007ff9599cc000 	C:\Windows\System32\sechost.dll
0x00007ff9592f0000 - 0x00007ff959415000 	C:\Windows\System32\RPCRT4.dll
0x00007ff95a090000 - 0x00007ff95a230000 	C:\Windows\System32\USER32.dll
0x00007ff958230000 - 0x00007ff958252000 	C:\Windows\System32\win32u.dll
0x00007ff95aa30000 - 0x00007ff95aa5a000 	C:\Windows\System32\GDI32.dll
0x00007ff9589b0000 - 0x00007ff958abb000 	C:\Windows\System32\gdi32full.dll
0x00007ff958580000 - 0x00007ff95861d000 	C:\Windows\System32\msvcp_win.dll
0x00007ff958840000 - 0x00007ff958940000 	C:\Windows\System32\ucrtbase.dll
0x00007ff941b80000 - 0x00007ff941e1a000 	C:\Windows\WinSxS\amd64_microsoft.windows.common-controls_6595b64144ccf1df_6.0.19041.1110_none_60b5254171f9507e\COMCTL32.dll
0x00007ff959530000 - 0x00007ff959560000 	C:\Windows\System32\IMM32.DLL
0x00007ff92f710000 - 0x00007ff92f725000 	C:\Program Files\Java\jdk1.8.0_261\jre\bin\vcruntime140.dll
0x00007ff915970000 - 0x00007ff915a0b000 	C:\Program Files\Java\jdk1.8.0_261\jre\bin\msvcp140.dll
0x000000006e550000 - 0x000000006edbc000 	C:\Program Files\Java\jdk1.8.0_261\jre\bin\server\jvm.dll
0x00007ff95aa60000 - 0x00007ff95aa68000 	C:\Windows\System32\PSAPI.DLL
0x00007ff941b50000 - 0x00007ff941b77000 	C:\Windows\SYSTEM32\WINMM.dll
0x00007ff94a5c0000 - 0x00007ff94a5ca000 	C:\Windows\SYSTEM32\VERSION.dll
0x00007ff943f60000 - 0x00007ff943f69000 	C:\Windows\SYSTEM32\WSOCK32.dll
0x00007ff9599d0000 - 0x00007ff959a3b000 	C:\Windows\System32\WS2_32.dll
0x00007ff956ae0000 - 0x00007ff956af2000 	C:\Windows\SYSTEM32\kernel.appcore.dll
0x00007ff935770000 - 0x00007ff935780000 	C:\Program Files\Java\jdk1.8.0_261\jre\bin\verify.dll
0x00007ff91dca0000 - 0x00007ff91dccb000 	C:\Program Files\Java\jdk1.8.0_261\jre\bin\java.dll
0x00007ff92caf0000 - 0x00007ff92cb08000 	C:\Program Files\Java\jdk1.8.0_261\jre\bin\zip.dll
0x00007ff95a230000 - 0x00007ff95a974000 	C:\Windows\System32\SHELL32.dll
0x00007ff956330000 - 0x00007ff956ac4000 	C:\Windows\SYSTEM32\windows.storage.dll
0x00007ff959570000 - 0x00007ff9598c4000 	C:\Windows\System32\combase.dll
0x00007ff957ca0000 - 0x00007ff957ccc000 	C:\Windows\SYSTEM32\Wldp.dll
0x00007ff958c50000 - 0x00007ff958cfd000 	C:\Windows\System32\SHCORE.dll
0x00007ff95aa70000 - 0x00007ff95aac5000 	C:\Windows\System32\shlwapi.dll
0x00007ff958170000 - 0x00007ff95818f000 	C:\Windows\SYSTEM32\profapi.dll
0x00007ff957c00000 - 0x00007ff957c18000 	C:\Windows\SYSTEM32\CRYPTSP.dll
0x00007ff957310000 - 0x00007ff957344000 	C:\Windows\system32\rsaenh.dll
0x00007ff958810000 - 0x00007ff958837000 	C:\Windows\System32\bcrypt.dll
0x00007ff9580f0000 - 0x00007ff95811e000 	C:\Windows\SYSTEM32\USERENV.dll
0x00007ff958780000 - 0x00007ff958802000 	C:\Windows\System32\bcryptprimitives.dll
0x00007ff957bf0000 - 0x00007ff957bfc000 	C:\Windows\SYSTEM32\CRYPTBASE.dll
0x00007ff92c0e0000 - 0x00007ff92c0fc000 	C:\Program Files\Java\jdk1.8.0_261\jre\bin\net.dll
0x00007ff957a00000 - 0x00007ff957a6a000 	C:\Windows\system32\mswsock.dll
0x00007ff9576a0000 - 0x00007ff9576db000 	C:\Windows\SYSTEM32\IPHLPAPI.DLL
0x00007ff9592e0000 - 0x00007ff9592e8000 	C:\Windows\System32\NSI.dll
0x00007ff94bb90000 - 0x00007ff94bba7000 	C:\Windows\SYSTEM32\dhcpcsvc6.DLL
0x00007ff94bab0000 - 0x00007ff94bacd000 	C:\Windows\SYSTEM32\dhcpcsvc.DLL
0x00007ff9576e0000 - 0x00007ff9577ab000 	C:\Windows\SYSTEM32\DNSAPI.dll
0x00007ff92bdf0000 - 0x00007ff92be03000 	C:\Program Files\Java\jdk1.8.0_261\jre\bin\nio.dll
0x00007ff9356b0000 - 0x00007ff9356ba000 	C:\Users\Bao\AppData\Local\Temp\jansi-1.17.1-774337972157260898.dll
0x00007ff935680000 - 0x00007ff93568a000 	C:\Users\Bao\AppData\Local\Temp\jansi-1.17.1-3549747560233059933.dll
0x00007ff91db20000 - 0x00007ff91db44000 	C:\Program Files\Java\jdk1.8.0_261\jre\bin\sunec.dll
0x00007ff935930000 - 0x00007ff935963000 	C:\Program Files (x86)\Sangfor\SSL\ClientComponent\SangforNspX64.dll
0x00007ff959df0000 - 0x00007ff959f1a000 	C:\Windows\System32\ole32.dll
0x00007ff959fc0000 - 0x00007ff95a08d000 	C:\Windows\System32\OLEAUT32.dll
0x00007ff948c40000 - 0x00007ff948c4a000 	C:\Windows\System32\rasadhlp.dll
0x00007ff948a20000 - 0x00007ff948a9f000 	C:\Windows\System32\fwpuclnt.dll
0x00007ff934600000 - 0x00007ff93460d000 	C:\Program Files\Java\jdk1.8.0_261\jre\bin\sunmscapi.dll
0x00007ff958620000 - 0x00007ff958776000 	C:\Windows\System32\CRYPT32.dll
0x00007ff957d10000 - 0x00007ff957d37000 	C:\Windows\SYSTEM32\ncrypt.dll
0x00007ff957cd0000 - 0x00007ff957d0b000 	C:\Windows\SYSTEM32\NTASN1.dll
0x00007ff955ec0000 - 0x00007ff9560a4000 	C:\Windows\SYSTEM32\dbghelp.dll

VM Arguments:
jvm_args: -Dmaven.multiModuleProjectDirectory=D:\project-practice\demo-server -Dmaven.home=C:\Program Files\JetBrains\IntelliJ IDEA 2020.1\plugins\maven\lib\maven3 -Dclassworlds.conf=C:\Program Files\JetBrains\IntelliJ IDEA 2020.1\plugins\maven\lib\maven3\bin\m2.conf -Dmaven.ext.class.path=C:\Program Files\JetBrains\IntelliJ IDEA 2020.1\plugins\maven\lib\maven-event-listener.jar -Dfile.encoding=GBK 
java_command: org.codehaus.classworlds.Launcher -Didea.version2020.1 install
java_class_path (initial): C:\Program Files\JetBrains\IntelliJ IDEA 2020.1\plugins\maven\lib\maven3\boot\plexus-classworlds-2.6.0.jar
Launcher Type: SUN_STANDARD

Environment Variables:
JAVA_HOME=C:\Program Files\Java\jdk1.8.0_261
CLASSPATH=.;C:\Program Files\Java\jdk1.8.0_261\lib\dt.jar;C:\Program Files\Java\jdk1.8.0_261\lib\tools.jar;
PATH=C:\Program Files\Java\jdk1.8.0_261\bin;C:\Program Files\NVIDIA GPU Computing Toolkit\CUDA\v9.0\bin;C:\Program Files\NVIDIA GPU Computing Toolkit\CUDA\v9.0\libnvvp;C:\Program Files (x86)\Common Files\Intel\Shared Libraries\redist\intel64\compiler;C:\Windows\system32;C:\Windows;C:\Windows\System32\Wbem;C:\Windows\System32\WindowsPowerShell\v1.0\;C:\Windows\System32\OpenSSH\;D:\Anaconda3\envs\pytorch\Scripts;C:\Program Files\Java\jdk1.8.0_261\bin;C:\Program Files\Java\jre1.8.0_261\bin;C:\gradle-6.5\bin;C:\Program Files\nodejs\;C:\Program Files\Git\cmd;D:\maven\apache-maven-3.8.1\bin;D:\Anaconda3\envs\pytorch\Lib;C:\Program Files (x86)\NVIDIA Corporation\PhysX\Common;C:\Program Files (x86)\NetSarang\Xshell 7\;C:\Program Files\PuTTY\;C:\Users\Bao\AppData\Local\Microsoft\WindowsApps;C:\Program Files\Bandizip\;C:\Program Files\JetBrains\IntelliJ IDEA 2020.1\bin;;C:\Program Files\JetBrains\WebStorm 2020.1\bin;;C:\Users\Bao\AppData\Roaming\npm;C:\MinGW\bin;C:\Program Files\Azure Data Studio\bin;D:\PyCharm Community Edition 2021.2\bin;;C:\Users\Bao\AppData\Local\Programs\Microsoft VS Code\bin
USERNAME=Bao
OS=Windows_NT
PROCESSOR_IDENTIFIER=Intel64 Family 6 Model 142 Stepping 12, GenuineIntel



---------------  S Y S T E M  ---------------

OS: Windows 10.0 , 64 bit Build 19041 (10.0.19041.1645)

CPU:total 8 (initial active 8) (4 cores per cpu, 2 threads per core) family 6 model 142 stepping 12, cmov, cx8, fxsr, mmx, sse, sse2, sse3, ssse3, sse4.1, sse4.2, popcnt, avx, avx2, aes, clmul, erms, 3dnowpref, lzcnt, ht, tsc, tscinvbit, bmi1, bmi2, adx

Memory: 4k page, physical 16603188k(3472440k free), swap 20888516k(23500k free)

vm_info: Java HotSpot(TM) 64-Bit Server VM (25.261-b12) for windows-amd64 JRE (1.8.0_261-b12), built on Jun 18 2020 06:56:32 by "" with unknown MS VC++:1916

time: Tue May  3 16:43:14 2022
timezone: 中国标准时间
elapsed time: 13 seconds (0d 0h 0m 13s)

