#
# There is insufficient memory for the Java Runtime Environment to continue.
# Native memory allocation (malloc) failed to allocate 65552 bytes for Chunk::new
# Possible reasons:
#   The system is out of physical RAM or swap space
#   The process is running with CompressedOops enabled, and the Java Heap may be blocking the growth of the native heap
# Possible solutions:
#   Reduce memory load on the system
#   Increase physical memory or swap space
#   Check if swap backing store is full
#   Decrease Java heap size (-Xmx/-Xms)
#   Decrease number of Java threads
#   Decrease Java thread stack sizes (-Xss)
#   Set larger code cache with -XX:ReservedCodeCacheSize=
#   JVM is running with Zero Based Compressed Oops mode in which the Java heap is
#     placed in the first 32GB address space. The Java Heap base address is the
#     maximum limit for the native heap growth. Please use -XX:HeapBaseMinAddress
#     to set the Java Heap base and to place the Java Heap above 32GB virtual address.
# This output file may be truncated or incomplete.
#
#  Out of Memory Error (allocation.cpp:389), pid=21820, tid=0x0000000000000fe8
#
# JRE version: Java(TM) SE Runtime Environment (8.0_261-b12) (build 1.8.0_261-b12)
# Java VM: Java HotSpot(TM) 64-Bit Server VM (25.261-b12 mixed mode windows-amd64 compressed oops)
# Failed to write core dump. Minidumps are not enabled by default on client versions of Windows
#

---------------  T H R E A D  ---------------

Current thread (0x000001c9cf77c000):  JavaThread "C2 CompilerThread1" daemon [_thread_in_native, id=4072, stack(0x0000008979900000,0x0000008979a00000)]

Stack: [0x0000008979900000,0x0000008979a00000]
Native frames: (J=compiled Java code, j=interpreted, Vv=VM code, C=native code)
V  [jvm.dll+0x33e5f9]
V  [jvm.dll+0x2850e2]
V  [jvm.dll+0x285d8d]
V  [jvm.dll+0x27c895]
V  [jvm.dll+0xe4d6c]
V  [jvm.dll+0xe556c]
V  [jvm.dll+0xe50bd]
V  [jvm.dll+0x4d506f]
V  [jvm.dll+0x4a042c]
V  [jvm.dll+0x49dcd4]
V  [jvm.dll+0x49db38]
V  [jvm.dll+0x49cfc6]
V  [jvm.dll+0x45107e]
V  [jvm.dll+0x44eb84]
V  [jvm.dll+0x439bc7]
V  [jvm.dll+0xbbbcb]
V  [jvm.dll+0xba22b]
V  [jvm.dll+0x24d962]
V  [jvm.dll+0x2a1cfc]
C  [ucrtbase.dll+0x21bb2]
C  [KERNEL32.DLL+0x17034]
C  [ntdll.dll+0x52651]


Current CompileTask:
C2:  12469 6466   !   4       org.eclipse.aether.internal.impl.collect.DefaultDependencyCollector::processDependency (628 bytes)


---------------  P R O C E S S  ---------------

Java Threads: ( => current thread )
  0x000001c9cf79d800 JavaThread "Service Thread" daemon [_thread_blocked, id=28280, stack(0x0000008979c00000,0x0000008979d00000)]
  0x000001c9cf794800 JavaThread "C1 CompilerThread3" daemon [_thread_blocked, id=6336, stack(0x0000008979b00000,0x0000008979c00000)]
  0x000001c9cf77e800 JavaThread "C2 CompilerThread2" daemon [_thread_in_native, id=25132, stack(0x0000008979a00000,0x0000008979b00000)]
=>0x000001c9cf77c000 JavaThread "C2 CompilerThread1" daemon [_thread_in_native, id=4072, stack(0x0000008979900000,0x0000008979a00000)]
  0x000001c9cf77a000 JavaThread "C2 CompilerThread0" daemon [_thread_in_native, id=18604, stack(0x0000008979800000,0x0000008979900000)]
  0x000001c9cf726800 JavaThread "Attach Listener" daemon [_thread_blocked, id=15172, stack(0x0000008979700000,0x0000008979800000)]
  0x000001c9cf779800 JavaThread "Signal Dispatcher" daemon [_thread_blocked, id=16320, stack(0x0000008979600000,0x0000008979700000)]
  0x000001c9cf6f3800 JavaThread "Finalizer" daemon [_thread_blocked, id=28928, stack(0x0000008979500000,0x0000008979600000)]
  0x000001c9cf6ec000 JavaThread "Reference Handler" daemon [_thread_blocked, id=10068, stack(0x0000008979400000,0x0000008979500000)]
  0x000001c9b4b4b000 JavaThread "main" [_thread_in_native, id=6260, stack(0x0000008978a00000,0x0000008978b00000)]

Other Threads:
  0x000001c9cf6c5000 VMThread [stack: 0x0000008979300000,0x0000008979400000] [id=22848]
  0x000001c9d1587000 WatcherThread [stack: 0x0000008979d00000,0x0000008979e00000] [id=3492]

VM state:not at safepoint (normal execution)

VM Mutex/Monitor currently owned by a thread: None

heap address: 0x00000006c2a00000, size: 4054 MB, Compressed Oops mode: Zero based, Oop shift amount: 3
Narrow klass base: 0x0000000000000000, Narrow klass shift: 3
Compressed class space size: 1073741824 Address: 0x00000007c0000000

Heap:
 PSYoungGen      total 431616K, used 61387K [0x000000076b900000, 0x0000000788600000, 0x00000007c0000000)
  eden space 401920K, 7% used [0x000000076b900000,0x000000076d83aa90,0x0000000784180000)
  from space 29696K, 99% used [0x0000000786900000,0x00000007885b84c8,0x0000000788600000)
  to   space 34304K, 0% used [0x0000000784300000,0x0000000784300000,0x0000000786480000)
 ParOldGen       total 132096K, used 36366K [0x00000006c2a00000, 0x00000006cab00000, 0x000000076b900000)
  object space 132096K, 27% used [0x00000006c2a00000,0x00000006c4d839d0,0x00000006cab00000)
 Metaspace       used 30294K, capacity 31562K, committed 31872K, reserved 1077248K
  class space    used 3525K, capacity 3869K, committed 3968K, reserved 1048576K

Card table byte_map: [0x000001c9c5870000,0x000001c9c6060000] byte_map_base: 0x000001c9c225b000

Marking Bits: (ParMarkBitMap*) 0x0000000063a44fb0
 Begin Bits: [0x000001c9c65b0000, 0x000001c9ca508000)
 End Bits:   [0x000001c9ca508000, 0x000001c9ce460000)

Polling page: 0x000001c9b6480000

CodeCache: size=245760Kb used=21493Kb max_used=21503Kb free=224266Kb
 bounds [0x000001c9b64b0000, 0x000001c9b79d0000, 0x000001c9c54b0000]
 total_blobs=6038 nmethods=5602 adapters=348
 compilation: enabled

Compilation events (10 events):
Event: 12.346 Thread 0x000001c9cf77a000 nmethod 6477 0x000001c9b79bdc10 code [0x000001c9b79bde00, 0x000001c9b79bf2d8]
Event: 12.346 Thread 0x000001c9cf77a000 6480       4       sun.nio.cs.UTF_8$Decoder::decodeArrayLoop (691 bytes)
Event: 12.377 Thread 0x000001c9cf77a000 nmethod 6480 0x000001c9b79b5250 code [0x000001c9b79b5400, 0x000001c9b79b6148]
Event: 12.377 Thread 0x000001c9cf77a000 6484 %     4       org.apache.maven.model.inheritance.DefaultInheritanceAssembler$InheritanceModelMerger::mergePluginContainer_Plugins @ 49 (430 bytes)
Event: 12.419 Thread 0x000001c9cf794800 6485       3       org.eclipse.aether.util.graph.selector.ScopeDependencySelector::hashCode (75 bytes)
Event: 12.420 Thread 0x000001c9cf794800 nmethod 6485 0x000001c9b79b25d0 code [0x000001c9b79b2760, 0x000001c9b79b2b80]
Event: 12.420 Thread 0x000001c9cf794800 6486       3       org.eclipse.aether.util.graph.selector.OptionalDependencySelector::hashCode (20 bytes)
Event: 12.420 Thread 0x000001c9cf794800 nmethod 6486 0x000001c9b79b20d0 code [0x000001c9b79b2240, 0x000001c9b79b2510]
Event: 12.420 Thread 0x000001c9cf794800 6487       3       org.eclipse.aether.util.graph.selector.ExclusionDependencySelector::hashCode (38 bytes)
Event: 12.420 Thread 0x000001c9cf794800 nmethod 6487 0x000001c9b79b1b10 code [0x000001c9b79b1c80, 0x000001c9b79b1fe0]

GC Heap History (10 events):
Event: 6.341 GC heap before
{Heap before GC invocations=5 (full 0):
 PSYoungGen      total 140800K, used 140792K [0x000000076b900000, 0x0000000774d00000, 0x00000007c0000000)
  eden space 130048K, 100% used [0x000000076b900000,0x0000000773800000,0x0000000773800000)
  from space 10752K, 99% used [0x0000000774280000,0x0000000774cfe050,0x0000000774d00000)
  to   space 10752K, 0% used [0x0000000773800000,0x0000000773800000,0x0000000774280000)
 ParOldGen       total 173568K, used 11447K [0x00000006c2a00000, 0x00000006cd380000, 0x000000076b900000)
  object space 173568K, 6% used [0x00000006c2a00000,0x00000006c352de58,0x00000006cd380000)
 Metaspace       used 17843K, capacity 18388K, committed 18560K, reserved 1064960K
  class space    used 2043K, capacity 2175K, committed 2176K, reserved 1048576K
Event: 6.358 GC heap after
Heap after GC invocations=5 (full 0):
 PSYoungGen      total 140800K, used 10728K [0x000000076b900000, 0x000000077e600000, 0x00000007c0000000)
  eden space 130048K, 0% used [0x000000076b900000,0x000000076b900000,0x0000000773800000)
  from space 10752K, 99% used [0x0000000773800000,0x000000077427a040,0x0000000774280000)
  to   space 24064K, 0% used [0x000000077ce80000,0x000000077ce80000,0x000000077e600000)
 ParOldGen       total 173568K, used 22379K [0x00000006c2a00000, 0x00000006cd380000, 0x000000076b900000)
  object space 173568K, 12% used [0x00000006c2a00000,0x00000006c3fdae00,0x00000006cd380000)
 Metaspace       used 17843K, capacity 18388K, committed 18560K, reserved 1064960K
  class space    used 2043K, capacity 2175K, committed 2176K, reserved 1048576K
}
Event: 6.548 GC heap before
{Heap before GC invocations=6 (full 0):
 PSYoungGen      total 140800K, used 21289K [0x000000076b900000, 0x000000077e600000, 0x00000007c0000000)
  eden space 130048K, 8% used [0x000000076b900000,0x000000076c350510,0x0000000773800000)
  from space 10752K, 99% used [0x0000000773800000,0x000000077427a040,0x0000000774280000)
  to   space 24064K, 0% used [0x000000077ce80000,0x000000077ce80000,0x000000077e600000)
 ParOldGen       total 173568K, used 22379K [0x00000006c2a00000, 0x00000006cd380000, 0x000000076b900000)
  object space 173568K, 12% used [0x00000006c2a00000,0x00000006c3fdae00,0x00000006cd380000)
 Metaspace       used 20519K, capacity 21132K, committed 21296K, reserved 1069056K
  class space    used 2430K, capacity 2599K, committed 2688K, reserved 1048576K
Event: 6.562 GC heap after
Heap after GC invocations=6 (full 0):
 PSYoungGen      total 283136K, used 11581K [0x000000076b900000, 0x000000077e500000, 0x00000007c0000000)
  eden space 260096K, 0% used [0x000000076b900000,0x000000076b900000,0x000000077b700000)
  from space 23040K, 50% used [0x000000077ce80000,0x000000077d9cf598,0x000000077e500000)
  to   space 23552K, 0% used [0x000000077b700000,0x000000077b700000,0x000000077ce00000)
 ParOldGen       total 173568K, used 22387K [0x00000006c2a00000, 0x00000006cd380000, 0x000000076b900000)
  object space 173568K, 12% used [0x00000006c2a00000,0x00000006c3fdce00,0x00000006cd380000)
 Metaspace       used 20519K, capacity 21132K, committed 21296K, reserved 1069056K
  class space    used 2430K, capacity 2599K, committed 2688K, reserved 1048576K
}
Event: 6.562 GC heap before
{Heap before GC invocations=7 (full 1):
 PSYoungGen      total 283136K, used 11581K [0x000000076b900000, 0x000000077e500000, 0x00000007c0000000)
  eden space 260096K, 0% used [0x000000076b900000,0x000000076b900000,0x000000077b700000)
  from space 23040K, 50% used [0x000000077ce80000,0x000000077d9cf598,0x000000077e500000)
  to   space 23552K, 0% used [0x000000077b700000,0x000000077b700000,0x000000077ce00000)
 ParOldGen       total 173568K, used 22387K [0x00000006c2a00000, 0x00000006cd380000, 0x000000076b900000)
  object space 173568K, 12% used [0x00000006c2a00000,0x00000006c3fdce00,0x00000006cd380000)
 Metaspace       used 20519K, capacity 21132K, committed 21296K, reserved 1069056K
  class space    used 2430K, capacity 2599K, committed 2688K, reserved 1048576K
Event: 6.662 GC heap after
Heap after GC invocations=7 (full 1):
 PSYoungGen      total 283136K, used 0K [0x000000076b900000, 0x000000077e500000, 0x00000007c0000000)
  eden space 260096K, 0% used [0x000000076b900000,0x000000076b900000,0x000000077b700000)
  from space 23040K, 0% used [0x000000077ce80000,0x000000077ce80000,0x000000077e500000)
  to   space 23552K, 0% used [0x000000077b700000,0x000000077b700000,0x000000077ce00000)
 ParOldGen       total 132096K, used 30042K [0x00000006c2a00000, 0x00000006cab00000, 0x000000076b900000)
  object space 132096K, 22% used [0x00000006c2a00000,0x00000006c47568c0,0x00000006cab00000)
 Metaspace       used 20519K, capacity 21132K, committed 21296K, reserved 1069056K
  class space    used 2430K, capacity 2599K, committed 2688K, reserved 1048576K
}
Event: 9.818 GC heap before
{Heap before GC invocations=8 (full 1):
 PSYoungGen      total 283136K, used 260096K [0x000000076b900000, 0x000000077e500000, 0x00000007c0000000)
  eden space 260096K, 100% used [0x000000076b900000,0x000000077b700000,0x000000077b700000)
  from space 23040K, 0% used [0x000000077ce80000,0x000000077ce80000,0x000000077e500000)
  to   space 23552K, 0% used [0x000000077b700000,0x000000077b700000,0x000000077ce00000)
 ParOldGen       total 132096K, used 30042K [0x00000006c2a00000, 0x00000006cab00000, 0x000000076b900000)
  object space 132096K, 22% used [0x00000006c2a00000,0x00000006c47568c0,0x00000006cab00000)
 Metaspace       used 26241K, capacity 27142K, committed 27392K, reserved 1073152K
  class space    used 3057K, capacity 3258K, committed 3328K, reserved 1048576K
Event: 9.849 GC heap after
Heap after GC invocations=8 (full 1):
 PSYoungGen      total 283648K, used 23545K [0x000000076b900000, 0x0000000788680000, 0x00000007c0000000)
  eden space 260096K, 0% used [0x000000076b900000,0x000000076b900000,0x000000077b700000)
  from space 23552K, 99% used [0x000000077b700000,0x000000077cdfe5b0,0x000000077ce00000)
  to   space 30208K, 0% used [0x0000000786900000,0x0000000786900000,0x0000000788680000)
 ParOldGen       total 132096K, used 36358K [0x00000006c2a00000, 0x00000006cab00000, 0x000000076b900000)
  object space 132096K, 27% used [0x00000006c2a00000,0x00000006c4d819d0,0x00000006cab00000)
 Metaspace       used 26241K, capacity 27142K, committed 27392K, reserved 1073152K
  class space    used 3057K, capacity 3258K, committed 3328K, reserved 1048576K
}
Event: 12.090 GC heap before
{Heap before GC invocations=9 (full 1):
 PSYoungGen      total 283648K, used 283641K [0x000000076b900000, 0x0000000788680000, 0x00000007c0000000)
  eden space 260096K, 100% used [0x000000076b900000,0x000000077b700000,0x000000077b700000)
  from space 23552K, 99% used [0x000000077b700000,0x000000077cdfe5b0,0x000000077ce00000)
  to   space 30208K, 0% used [0x0000000786900000,0x0000000786900000,0x0000000788680000)
 ParOldGen       total 132096K, used 36358K [0x00000006c2a00000, 0x00000006cab00000, 0x000000076b900000)
  object space 132096K, 27% used [0x00000006c2a00000,0x00000006c4d819d0,0x00000006cab00000)
 Metaspace       used 30062K, capacity 31206K, committed 31488K, reserved 1077248K
  class space    used 3493K, capacity 3793K, committed 3840K, reserved 1048576K
Event: 12.109 GC heap after
Heap after GC invocations=9 (full 1):
 PSYoungGen      total 431616K, used 29409K [0x000000076b900000, 0x0000000788600000, 0x00000007c0000000)
  eden space 401920K, 0% used [0x000000076b900000,0x000000076b900000,0x0000000784180000)
  from space 29696K, 99% used [0x0000000786900000,0x00000007885b84c8,0x0000000788600000)
  to   space 34304K, 0% used [0x0000000784300000,0x0000000784300000,0x0000000786480000)
 ParOldGen       total 132096K, used 36366K [0x00000006c2a00000, 0x00000006cab00000, 0x000000076b900000)
  object space 132096K, 27% used [0x00000006c2a00000,0x00000006c4d839d0,0x00000006cab00000)
 Metaspace       used 30062K, capacity 31206K, committed 31488K, reserved 1077248K
  class space    used 3493K, capacity 3793K, committed 3840K, reserved 1048576K
}

Deoptimization events (10 events):
Event: 11.649 Thread 0x000001c9b4b4b000 Uncommon trap: reason=unstable_if action=reinterpret pc=0x000001c9b73a83b4 method=java.lang.Class.getSimpleName()Ljava/lang/String; @ 4
Event: 11.649 Thread 0x000001c9b4b4b000 Uncommon trap: reason=unstable_if action=reinterpret pc=0x000001c9b72f4b00 method=java.util.ArrayList.toArray([Ljava/lang/Object;)[Ljava/lang/Object; @ 48
Event: 11.664 Thread 0x000001c9b4b4b000 Uncommon trap: reason=predicate action=maybe_recompile pc=0x000001c9b76ad0e8 method=java.lang.String.regionMatches(ZILjava/lang/String;II)Z @ 63
Event: 11.749 Thread 0x000001c9b4b4b000 Uncommon trap: reason=unstable_if action=reinterpret pc=0x000001c9b66df8e4 method=org.codehaus.plexus.classworlds.realm.Entry.matches(Ljava/lang/String;)Z @ 20
Event: 11.791 Thread 0x000001c9b4b4b000 Uncommon trap: reason=null_assert action=make_not_entrant pc=0x000001c9b6a6c96c method=java.util.jar.JarFile.maybeInstantiateVerifier()V @ 4
Event: 11.819 Thread 0x000001c9b4b4b000 Uncommon trap: reason=class_check action=maybe_recompile pc=0x000001c9b72c4638 method=java.util.zip.InflaterInputStream.read([BII)I @ 100
Event: 11.819 Thread 0x000001c9b4b4b000 Uncommon trap: reason=class_check action=maybe_recompile pc=0x000001c9b72c4638 method=java.util.zip.InflaterInputStream.read([BII)I @ 100
Event: 11.819 Thread 0x000001c9b4b4b000 Uncommon trap: reason=class_check action=maybe_recompile pc=0x000001c9b72c4638 method=java.util.zip.InflaterInputStream.read([BII)I @ 100
Event: 11.819 Thread 0x000001c9b4b4b000 Uncommon trap: reason=class_check action=maybe_recompile pc=0x000001c9b72c4638 method=java.util.zip.InflaterInputStream.read([BII)I @ 100
Event: 12.110 Thread 0x000001c9b4b4b000 Uncommon trap: reason=unstable_if action=reinterpret pc=0x000001c9b7089a9c method=java.util.concurrent.ConcurrentHashMap.get(Ljava/lang/Object;)Ljava/lang/Object; @ 76

Classes redefined (0 events):
No events

Internal exceptions (10 events):
Event: 10.076 Thread 0x000001c9b4b4b000 Exception <a 'java/security/PrivilegedActionException'> (0x000000076d584770) thrown at [C:\jenkins\workspace\8-2-build-windows-amd64-cygwin\jdk8u261\295\hotspot\src\share\vm\prims\jvm.cpp, line 1512]
Event: 10.076 Thread 0x000001c9b4b4b000 Exception <a 'java/security/PrivilegedActionException'> (0x000000076d586520) thrown at [C:\jenkins\workspace\8-2-build-windows-amd64-cygwin\jdk8u261\295\hotspot\src\share\vm\prims\jvm.cpp, line 1512]
Event: 10.076 Thread 0x000001c9b4b4b000 Exception <a 'java/security/PrivilegedActionException'> (0x000000076d586b00) thrown at [C:\jenkins\workspace\8-2-build-windows-amd64-cygwin\jdk8u261\295\hotspot\src\share\vm\prims\jvm.cpp, line 1512]
Event: 10.076 Thread 0x000001c9b4b4b000 Exception <a 'java/security/PrivilegedActionException'> (0x000000076d588948) thrown at [C:\jenkins\workspace\8-2-build-windows-amd64-cygwin\jdk8u261\295\hotspot\src\share\vm\prims\jvm.cpp, line 1512]
Event: 10.076 Thread 0x000001c9b4b4b000 Exception <a 'java/security/PrivilegedActionException'> (0x000000076d588f28) thrown at [C:\jenkins\workspace\8-2-build-windows-amd64-cygwin\jdk8u261\295\hotspot\src\share\vm\prims\jvm.cpp, line 1512]
Event: 10.076 Thread 0x000001c9b4b4b000 Exception <a 'java/security/PrivilegedActionException'> (0x000000076d58acc0) thrown at [C:\jenkins\workspace\8-2-build-windows-amd64-cygwin\jdk8u261\295\hotspot\src\share\vm\prims\jvm.cpp, line 1512]
Event: 10.076 Thread 0x000001c9b4b4b000 Exception <a 'java/security/PrivilegedActionException'> (0x000000076d58b2a0) thrown at [C:\jenkins\workspace\8-2-build-windows-amd64-cygwin\jdk8u261\295\hotspot\src\share\vm\prims\jvm.cpp, line 1512]
Event: 11.566 Thread 0x000001c9b4b4b000 Exception <a 'java/lang/NoClassDefFoundError': org/sonatype/aether/graph/Dependency> (0x0000000778bd8000) thrown at [C:\jenkins\workspace\8-2-build-windows-amd64-cygwin\jdk8u261\295\hotspot\src\share\vm\classfile\systemDictionary.cpp, line 199]
Event: 11.649 Thread 0x000001c9b4b4b000 Exception <a 'java/lang/NoSuchFieldError': method resolution failed> (0x0000000778de5a28) thrown at [C:\jenkins\workspace\8-2-build-windows-amd64-cygwin\jdk8u261\295\hotspot\src\share\vm\prims\methodHandles.cpp, line 1169]
Event: 11.651 Thread 0x000001c9b4b4b000 Exception <a 'java/lang/NoSuchFieldError': method resolution failed> (0x0000000778df34b8) thrown at [C:\jenkins\workspace\8-2-build-windows-amd64-cygwin\jdk8u261\295\hotspot\src\share\vm\prims\methodHandles.cpp, line 1169]

Events (10 events):
Event: 12.335 Thread 0x000001c9b4b4b000 DEOPT PACKING pc=0x000001c9b79ab5ab sp=0x0000008978afacc0
Event: 12.335 Thread 0x000001c9b4b4b000 DEOPT UNPACKING pc=0x000001c9b64f7898 sp=0x0000008978afaad8 mode 0
Event: 12.356 Thread 0x000001c9b4b4b000 DEOPT PACKING pc=0x000001c9b79ab5ab sp=0x0000008978afaa20
Event: 12.356 Thread 0x000001c9b4b4b000 DEOPT UNPACKING pc=0x000001c9b64f7898 sp=0x0000008978afa838 mode 0
Event: 12.363 Thread 0x000001c9b4b4b000 DEOPT PACKING pc=0x000001c9b79ab5ab sp=0x0000008978afacc0
Event: 12.363 Thread 0x000001c9b4b4b000 DEOPT UNPACKING pc=0x000001c9b64f7898 sp=0x0000008978afaad8 mode 0
Event: 12.392 Thread 0x000001c9b4b4b000 DEOPT PACKING pc=0x000001c9b6e3dd6c sp=0x0000008978afce40
Event: 12.392 Thread 0x000001c9b4b4b000 DEOPT UNPACKING pc=0x000001c9b64f7898 sp=0x0000008978afcc60 mode 0
Event: 12.437 loading class org/eclipse/aether/resolution/ArtifactDescriptorPolicyRequest
Event: 12.437 loading class org/eclipse/aether/resolution/ArtifactDescriptorPolicyRequest done


Dynamic libraries:
0x00007ff695f10000 - 0x00007ff695f57000 	C:\Program Files\Java\jdk1.8.0_261\bin\java.exe
0x00007fffc8130000 - 0x00007fffc8325000 	C:\Windows\SYSTEM32\ntdll.dll
0x00007fffc7590000 - 0x00007fffc764e000 	C:\Windows\System32\KERNEL32.DLL
0x00007fffc5b20000 - 0x00007fffc5de8000 	C:\Windows\System32\KERNELBASE.dll
0x00007fffc6190000 - 0x00007fffc623e000 	C:\Windows\System32\ADVAPI32.dll
0x00007fffc6d00000 - 0x00007fffc6d9e000 	C:\Windows\System32\msvcrt.dll
0x00007fffc6240000 - 0x00007fffc62dc000 	C:\Windows\System32\sechost.dll
0x00007fffc6e00000 - 0x00007fffc6f25000 	C:\Windows\System32\RPCRT4.dll
0x00007fffc6f30000 - 0x00007fffc70d0000 	C:\Windows\System32\USER32.dll
0x00007fffc60e0000 - 0x00007fffc6102000 	C:\Windows\System32\win32u.dll
0x00007fffc7540000 - 0x00007fffc756a000 	C:\Windows\System32\GDI32.dll
0x00007fffc5df0000 - 0x00007fffc5efb000 	C:\Windows\System32\gdi32full.dll
0x00007fffc5f00000 - 0x00007fffc5f9d000 	C:\Windows\System32\msvcp_win.dll
0x00007fffc5a20000 - 0x00007fffc5b20000 	C:\Windows\System32\ucrtbase.dll
0x00007fffaee90000 - 0x00007fffaf12a000 	C:\Windows\WinSxS\amd64_microsoft.windows.common-controls_6595b64144ccf1df_6.0.19041.1110_none_60b5254171f9507e\COMCTL32.dll
0x00007fffc7490000 - 0x00007fffc74c0000 	C:\Windows\System32\IMM32.DLL
0x00007fff9e830000 - 0x00007fff9e845000 	C:\Program Files\Java\jdk1.8.0_261\jre\bin\vcruntime140.dll
0x00007fff8b670000 - 0x00007fff8b70b000 	C:\Program Files\Java\jdk1.8.0_261\jre\bin\msvcp140.dll
0x0000000063250000 - 0x0000000063abc000 	C:\Program Files\Java\jdk1.8.0_261\jre\bin\server\jvm.dll
0x00007fffc7530000 - 0x00007fffc7538000 	C:\Windows\System32\PSAPI.DLL
0x00007fffaf370000 - 0x00007fffaf397000 	C:\Windows\SYSTEM32\WINMM.dll
0x00007fffb84a0000 - 0x00007fffb84a9000 	C:\Windows\SYSTEM32\WSOCK32.dll
0x00007fffb7be0000 - 0x00007fffb7bea000 	C:\Windows\SYSTEM32\VERSION.dll
0x00007fffc74c0000 - 0x00007fffc752b000 	C:\Windows\System32\WS2_32.dll
0x00007fffc4100000 - 0x00007fffc4112000 	C:\Windows\SYSTEM32\kernel.appcore.dll
0x00007fffaddb0000 - 0x00007fffaddc0000 	C:\Program Files\Java\jdk1.8.0_261\jre\bin\verify.dll
0x00007fff9e800000 - 0x00007fff9e82b000 	C:\Program Files\Java\jdk1.8.0_261\jre\bin\java.dll
0x00007fff8d680000 - 0x00007fff8d698000 	C:\Program Files\Java\jdk1.8.0_261\jre\bin\zip.dll
0x00007fffc79a0000 - 0x00007fffc80e4000 	C:\Windows\System32\SHELL32.dll
0x00007fffc3950000 - 0x00007fffc40e4000 	C:\Windows\SYSTEM32\windows.storage.dll
0x00007fffc6400000 - 0x00007fffc6754000 	C:\Windows\System32\combase.dll
0x00007fffc52c0000 - 0x00007fffc52ec000 	C:\Windows\SYSTEM32\Wldp.dll
0x00007fffc70d0000 - 0x00007fffc717d000 	C:\Windows\System32\SHCORE.dll
0x00007fffc78c0000 - 0x00007fffc7915000 	C:\Windows\System32\shlwapi.dll
0x00007fffc5790000 - 0x00007fffc57af000 	C:\Windows\SYSTEM32\profapi.dll
0x00007fffc5220000 - 0x00007fffc5238000 	C:\Windows\SYSTEM32\CRYPTSP.dll
0x00007fffc4930000 - 0x00007fffc4964000 	C:\Windows\system32\rsaenh.dll
0x00007fffc6110000 - 0x00007fffc6137000 	C:\Windows\System32\bcrypt.dll
0x00007fffc5710000 - 0x00007fffc573e000 	C:\Windows\SYSTEM32\USERENV.dll
0x00007fffc6050000 - 0x00007fffc60d2000 	C:\Windows\System32\bcryptprimitives.dll
0x00007fffc5210000 - 0x00007fffc521c000 	C:\Windows\SYSTEM32\CRYPTBASE.dll
0x00007fff8d660000 - 0x00007fff8d67c000 	C:\Program Files\Java\jdk1.8.0_261\jre\bin\net.dll
0x00007fffc5020000 - 0x00007fffc508a000 	C:\Windows\system32\mswsock.dll
0x00007fffc4cc0000 - 0x00007fffc4cfb000 	C:\Windows\SYSTEM32\IPHLPAPI.DLL
0x00007fffc78b0000 - 0x00007fffc78b8000 	C:\Windows\System32\NSI.dll
0x00007fffb90c0000 - 0x00007fffb90d7000 	C:\Windows\SYSTEM32\dhcpcsvc6.DLL
0x00007fffb9080000 - 0x00007fffb909d000 	C:\Windows\SYSTEM32\dhcpcsvc.DLL
0x00007fffc4d00000 - 0x00007fffc4dcb000 	C:\Windows\SYSTEM32\DNSAPI.dll
0x00007fff8d640000 - 0x00007fff8d653000 	C:\Program Files\Java\jdk1.8.0_261\jre\bin\nio.dll
0x00007fffad920000 - 0x00007fffad92a000 	C:\Users\Bao\AppData\Local\Temp\jansi-1.17.1-245623945718079272.dll
0x00007fffad800000 - 0x00007fffad80a000 	C:\Users\Bao\AppData\Local\Temp\jansi-1.17.1-4524580008482533951.dll
0x00007fffc3500000 - 0x00007fffc36e4000 	C:\Windows\SYSTEM32\dbghelp.dll

VM Arguments:
jvm_args: -Dmaven.multiModuleProjectDirectory=D:\project-practice -Dmaven.home=C:\Program Files\JetBrains\IntelliJ IDEA 2020.1\plugins\maven\lib\maven3 -Dclassworlds.conf=C:\Program Files\JetBrains\IntelliJ IDEA 2020.1\plugins\maven\lib\maven3\bin\m2.conf -Dmaven.ext.class.path=C:\Program Files\JetBrains\IntelliJ IDEA 2020.1\plugins\maven\lib\maven-event-listener.jar -Dfile.encoding=GBK 
java_command: org.codehaus.classworlds.Launcher -Didea.version2020.1 install --projects hangdian.demo:demo-api,hangdian.demo:demo-client,hangdian.demo:demo-server,hangdian.demo:hangdian-demo
java_class_path (initial): C:\Program Files\JetBrains\IntelliJ IDEA 2020.1\plugins\maven\lib\maven3\boot\plexus-classworlds-2.6.0.jar
Launcher Type: SUN_STANDARD

Environment Variables:
JAVA_HOME=C:\Program Files\Java\jdk1.8.0_261
CLASSPATH=.;C:\Program Files\Java\jdk1.8.0_261\lib\dt.jar;C:\Program Files\Java\jdk1.8.0_261\lib\tools.jar;
PATH=C:\Program Files\Java\jdk1.8.0_261\bin;C:\Program Files\NVIDIA GPU Computing Toolkit\CUDA\v9.0\bin;C:\Program Files\NVIDIA GPU Computing Toolkit\CUDA\v9.0\libnvvp;C:\Program Files (x86)\Common Files\Intel\Shared Libraries\redist\intel64\compiler;C:\Windows\system32;C:\Windows;C:\Windows\System32\Wbem;C:\Windows\System32\WindowsPowerShell\v1.0\;C:\Windows\System32\OpenSSH\;D:\Anaconda3\envs\pytorch\Scripts;C:\Program Files\Java\jdk1.8.0_261\bin;C:\Program Files\Java\jre1.8.0_261\bin;C:\gradle-6.5\bin;C:\Program Files\nodejs\;C:\Program Files\Git\cmd;D:\maven\apache-maven-3.8.1\bin;D:\Anaconda3\envs\pytorch\Lib;C:\Program Files (x86)\NVIDIA Corporation\PhysX\Common;C:\Program Files (x86)\NetSarang\Xshell 7\;C:\Program Files\PuTTY\;C:\Users\Bao\AppData\Local\Microsoft\WindowsApps;C:\Program Files\Bandizip\;C:\Program Files\JetBrains\IntelliJ IDEA 2020.1\bin;C:\Program Files\JetBrains\WebStorm 2020.1\bin;C:\Users\Bao\AppData\Roaming\npm;C:\MinGW\bin;C:\Program Files\Azure Data Studio\bin;D:\PyCharm Community Edition 2021.2\bin;C:\Users\Bao\AppData\Local\Programs\Microsoft VS Code\bin
USERNAME=Bao
OS=Windows_NT
PROCESSOR_IDENTIFIER=Intel64 Family 6 Model 142 Stepping 12, GenuineIntel



---------------  S Y S T E M  ---------------

OS: Windows 10.0 , 64 bit Build 19041 (10.0.19041.1645)

CPU:total 8 (initial active 8) (4 cores per cpu, 2 threads per core) family 6 model 142 stepping 12, cmov, cx8, fxsr, mmx, sse, sse2, sse3, ssse3, sse4.1, sse4.2, popcnt, avx, avx2, aes, clmul, erms, 3dnowpref, lzcnt, ht, tsc, tscinvbit, bmi1, bmi2, adx

Memory: 4k page, physical 16603188k(3754792k free), swap 21808452k(172k free)

vm_info: Java HotSpot(TM) 64-Bit Server VM (25.261-b12) for windows-amd64 JRE (1.8.0_261-b12), built on Jun 18 2020 06:56:32 by "" with unknown MS VC++:1916

time: Sat Apr 23 17:28:39 2022
timezone: 中国标准时间
elapsed time: 12 seconds (0d 0h 0m 12s)

