#
# There is insufficient memory for the Java Runtime Environment to continue.
# Native memory allocation (mmap) failed to map 266338304 bytes for Failed to commit area from 0x0000000702a00000 to 0x0000000712800000 of length 266338304.
# Possible reasons:
#   The system is out of physical RAM or swap space
#   The process is running with CompressedOops enabled, and the Java Heap may be blocking the growth of the native heap
# Possible solutions:
#   Reduce memory load on the system
#   Increase physical memory or swap space
#   Check if swap backing store is full
#   Decrease Java heap size (-Xmx/-Xms)
#   Decrease number of Java threads
#   Decrease Java thread stack sizes (-Xss)
#   Set larger code cache with -XX:ReservedCodeCacheSize=
# This output file may be truncated or incomplete.
#
#  Out of Memory Error (c:/BuildAgent/work/1eae4dac1d648407/src/hotspot/os/windows/os_windows.cpp:3296), pid=14840, tid=27036
#
# JRE version:  (11.0.6+8) (build )
# Java VM: OpenJDK 64-Bit Server VM (11.0.6+8-b765.25, mixed mode, sharing, tiered, compressed oops, g1 gc, windows-amd64)
# No core dump will be written. Minidumps are not enabled by default on client versions of Windows
#

---------------  S U M M A R Y ------------

Command Line: org.jetbrains.git4idea.http.GitAskPassApp Username for 'https://gitee.com': 

Host: Intel(R) Core(TM) i5-10210U CPU @ 1.60GHz, 8 cores, 15G,  Windows 10 , 64 bit Build 19041 (10.0.19041.1566)
Time: Sun Apr 17 14:33:57 2022 中国标准时间 elapsed time: 0 seconds (0d 0h 0m 0s)

---------------  T H R E A D  ---------------

Current thread (0x00000206e84a2800):  JavaThread "Unknown thread" [_thread_in_vm, id=27036, stack(0x000000d307c00000,0x000000d307d00000)]

Stack: [0x000000d307c00000,0x000000d307d00000]
Native frames: (J=compiled Java code, j=interpreted, Vv=VM code, C=native code)
V  [jvm.dll+0x5de3ca]
V  [jvm.dll+0x710ae5]
V  [jvm.dll+0x712005]
V  [jvm.dll+0x7126b3]
V  [jvm.dll+0x23e708]
V  [jvm.dll+0x5db874]
V  [jvm.dll+0x5d0aa5]
V  [jvm.dll+0x2fb0fb]
V  [jvm.dll+0x2fb06a]
V  [jvm.dll+0x2faf42]
V  [jvm.dll+0x2ffe16]
V  [jvm.dll+0x348723]
V  [jvm.dll+0x348e26]
V  [jvm.dll+0x348823]
V  [jvm.dll+0x2d58a8]
V  [jvm.dll+0x2d6a47]
V  [jvm.dll+0x6ef917]
V  [jvm.dll+0x6f110c]
V  [jvm.dll+0x355d69]
V  [jvm.dll+0x6d4afe]
V  [jvm.dll+0x3bf3d3]
V  [jvm.dll+0x3c1921]
C  [jli.dll+0x5363]
C  [ucrtbase.dll+0x21bb2]
C  [KERNEL32.DLL+0x17034]
C  [ntdll.dll+0x52651]


---------------  P R O C E S S  ---------------

Threads class SMR info:
_java_thread_list=0x00000206e8225150, length=0, elements={
}

Java Threads: ( => current thread )

Other Threads:
  0x00000206e84ba000 GCTaskThread "GC Thread#0" [stack: 0x000000d307d00000,0x000000d307e00000] [id=14248]
  0x00000206e8517800 ConcurrentGCThread "G1 Main Marker" [stack: 0x000000d307e00000,0x000000d307f00000] [id=22948]
  0x00000206e8519000 ConcurrentGCThread "G1 Conc#0" [stack: 0x000000d307f00000,0x000000d308000000] [id=14680]

[error occurred during error reporting (printing all threads), id 0xc0000005, EXCEPTION_ACCESS_VIOLATION (0xc0000005) at pc=0x00007ff879506227]

VM state:not at safepoint (not fully initialized)

VM Mutex/Monitor currently owned by a thread:  ([mutex/lock_event])
[0x00000206e849ef50] Heap_lock - owner thread: 0x00000206e84a2800

Heap address: 0x0000000702a00000, size: 4054 MB, Compressed Oops mode: Non-zero based: 0x0000000702a00000
Narrow klass base: 0x0000000000000000, Narrow klass shift: 0

GC Heap History (0 events):
No events

Deoptimization events (0 events):
No events

Classes redefined (0 events):
No events

Internal exceptions (0 events):
No events

Events (2 events):
Event: 0.029 Loaded shared library C:\Program Files\JetBrains\IntelliJ IDEA 2020.1\jbr\bin\zip.dll
Event: 0.031 Loaded shared library C:\Program Files\JetBrains\IntelliJ IDEA 2020.1\jbr\bin\jimage.dll


Dynamic libraries:
0x00007ff702a60000 - 0x00007ff702a6a000 	C:\Program Files\JetBrains\IntelliJ IDEA 2020.1\jbr\bin\java.exe
0x00007ff8e7d10000 - 0x00007ff8e7f05000 	C:\Windows\SYSTEM32\ntdll.dll
0x00007ff8e7480000 - 0x00007ff8e753e000 	C:\Windows\System32\KERNEL32.DLL
0x00007ff8e5690000 - 0x00007ff8e5958000 	C:\Windows\System32\KERNELBASE.dll
0x00007ff8e5bd0000 - 0x00007ff8e5cd0000 	C:\Windows\System32\ucrtbase.dll
0x00007ff8c3fd0000 - 0x00007ff8c3fe9000 	C:\Program Files\JetBrains\IntelliJ IDEA 2020.1\jbr\bin\jli.dll
0x00007ff8c1040000 - 0x00007ff8c1057000 	C:\Program Files\JetBrains\IntelliJ IDEA 2020.1\jbr\bin\VCRUNTIME140.dll
0x00007ff8e7b30000 - 0x00007ff8e7cd0000 	C:\Windows\System32\USER32.dll
0x00007ff8e59b0000 - 0x00007ff8e59d2000 	C:\Windows\System32\win32u.dll
0x00007ff8ceb40000 - 0x00007ff8cedda000 	C:\Windows\WinSxS\amd64_microsoft.windows.common-controls_6595b64144ccf1df_6.0.19041.1110_none_60b5254171f9507e\COMCTL32.dll
0x00007ff8e7450000 - 0x00007ff8e747b000 	C:\Windows\System32\GDI32.dll
0x00007ff8e5a90000 - 0x00007ff8e5b9b000 	C:\Windows\System32\gdi32full.dll
0x00007ff8e6080000 - 0x00007ff8e611e000 	C:\Windows\System32\msvcrt.dll
0x00007ff8e5cd0000 - 0x00007ff8e5d6d000 	C:\Windows\System32\msvcp_win.dll
0x00007ff8e6f80000 - 0x00007ff8e6fb0000 	C:\Windows\System32\IMM32.DLL
0x00007ff8b3c60000 - 0x00007ff8b3cfd000 	C:\Program Files\JetBrains\IntelliJ IDEA 2020.1\jbr\bin\msvcp140.dll
0x00007ff879220000 - 0x00007ff879cdd000 	C:\Program Files\JetBrains\IntelliJ IDEA 2020.1\jbr\bin\server\jvm.dll
0x00007ff8e7200000 - 0x00007ff8e72ae000 	C:\Windows\System32\ADVAPI32.dll
0x00007ff8e7090000 - 0x00007ff8e712c000 	C:\Windows\System32\sechost.dll
0x00007ff8e5e20000 - 0x00007ff8e5f45000 	C:\Windows\System32\RPCRT4.dll
0x00007ff8e65a0000 - 0x00007ff8e65a8000 	C:\Windows\System32\PSAPI.DLL
0x00007ff8cedf0000 - 0x00007ff8cee17000 	C:\Windows\SYSTEM32\WINMM.dll
0x00007ff8d9e50000 - 0x00007ff8d9e5a000 	C:\Windows\SYSTEM32\VERSION.dll
0x00007ff8d80e0000 - 0x00007ff8d80e9000 	C:\Windows\SYSTEM32\WSOCK32.dll
0x00007ff8e7130000 - 0x00007ff8e719b000 	C:\Windows\System32\WS2_32.dll
0x00007ff8e3cd0000 - 0x00007ff8e3ce2000 	C:\Windows\SYSTEM32\kernel.appcore.dll
0x00007ff8d01a0000 - 0x00007ff8d01b1000 	C:\Program Files\JetBrains\IntelliJ IDEA 2020.1\jbr\bin\verify.dll
0x00007ff8e30b0000 - 0x00007ff8e3294000 	C:\Windows\SYSTEM32\DBGHELP.DLL
0x00007ff8cba80000 - 0x00007ff8cbaac000 	C:\Windows\SYSTEM32\dbgcore.DLL
0x00007ff8e5600000 - 0x00007ff8e5682000 	C:\Windows\System32\bcryptPrimitives.dll
0x00007ff8ca310000 - 0x00007ff8ca339000 	C:\Program Files\JetBrains\IntelliJ IDEA 2020.1\jbr\bin\java.dll
0x00007ff8c2c70000 - 0x00007ff8c2c88000 	C:\Program Files\JetBrains\IntelliJ IDEA 2020.1\jbr\bin\zip.dll
0x00007ff8d2600000 - 0x00007ff8d260b000 	C:\Program Files\JetBrains\IntelliJ IDEA 2020.1\jbr\bin\jimage.dll

dbghelp: loaded successfully - version: 4.0.5 - missing functions: none
symbol engine: initialized successfully - sym options: 0x614 - pdb path: .;C:\Program Files\JetBrains\IntelliJ IDEA 2020.1\jbr\bin;C:\Windows\SYSTEM32;C:\Windows\WinSxS\amd64_microsoft.windows.common-controls_6595b64144ccf1df_6.0.19041.1110_none_60b5254171f9507e;C:\Program Files\JetBrains\IntelliJ IDEA 2020.1\jbr\bin\server

VM Arguments:
java_command: org.jetbrains.git4idea.http.GitAskPassApp Username for 'https://gitee.com': 
java_class_path (initial): C:/Program Files/JetBrains/IntelliJ IDEA 2020.1/plugins/git4idea/lib/git4idea-rt.jar;C:/Program Files/JetBrains/IntelliJ IDEA 2020.1/lib/xmlrpc-2.0.1.jar;C:/Program Files/JetBrains/IntelliJ IDEA 2020.1/lib/commons-codec-1.14.jar;C:/Program Files/JetBrains/IntelliJ IDEA 2020.1/lib/util.jar
Launcher Type: SUN_STANDARD

[Global flags]
     intx CICompilerCount                          = 4                                         {product} {ergonomic}
     uint ConcGCThreads                            = 2                                         {product} {ergonomic}
     uint G1ConcRefinementThreads                  = 8                                         {product} {ergonomic}
   size_t G1HeapRegionSize                         = 1048576                                   {product} {ergonomic}
    uintx GCDrainStackTargetSize                   = 64                                        {product} {ergonomic}
   size_t InitialHeapSize                          = 266338304                                 {product} {ergonomic}
   size_t MarkStackSize                            = 4194304                                   {product} {ergonomic}
   size_t MaxHeapSize                              = 4250927104                                {product} {ergonomic}
   size_t MinHeapDeltaBytes                        = 1048576                                   {product} {ergonomic}
    uintx NonNMethodCodeHeapSize                   = 5836300                                {pd product} {ergonomic}
    uintx NonProfiledCodeHeapSize                  = 122910970                              {pd product} {ergonomic}
    uintx ProfiledCodeHeapSize                     = 122910970                              {pd product} {ergonomic}
    uintx ReservedCodeCacheSize                    = 251658240                              {pd product} {ergonomic}
     bool SegmentedCodeCache                       = true                                      {product} {ergonomic}
     bool UseCompressedClassPointers               = true                                 {lp64_product} {ergonomic}
     bool UseCompressedOops                        = true                                 {lp64_product} {ergonomic}
     bool UseG1GC                                  = true                                      {product} {ergonomic}
     bool UseLargePagesIndividualAllocation        = false                                  {pd product} {ergonomic}

Logging:
Log output configuration:
 #0: stdout all=warning uptime,level,tags
 #1: stderr all=off uptime,level,tags

Environment Variables:
JAVA_HOME=C:\Program Files\Java\jdk1.8.0_261
CLASSPATH=.;C:\Program Files\Java\jdk1.8.0_261\lib\dt.jar;C:\Program Files\Java\jdk1.8.0_261\lib\tools.jar;
PATH=C:\Program Files\Git\mingw64\libexec\git-core;C:\Program Files\Git\mingw64\libexec\git-core;C:\Program Files\Git\mingw64\bin;C:\Program Files\Git\usr\bin;C:\Users\Bao\bin;C:\Program Files\Java\jdk1.8.0_261\bin;C:\Program Files\NVIDIA GPU Computing Toolkit\CUDA\v9.0\bin;C:\Program Files\NVIDIA GPU Computing Toolkit\CUDA\v9.0\libnvvp;C:\Program Files (x86)\Common Files\Intel\Shared Libraries\redist\intel64\compiler;C:\Windows\system32;C:\Windows;C:\Windows\System32\Wbem;C:\Windows\System32\WindowsPowerShell\v1.0;C:\Windows\System32\OpenSSH;D:\Anaconda3\envs\pytorch\Scripts;C:\Program Files\Java\jdk1.8.0_261\bin;C:\Program Files\Java\jre1.8.0_261\bin;C:\gradle-6.5\bin;C:\Program Files\nodejs;C:\Program Files\Git\cmd;D:\maven\apache-maven-3.8.1\bin;D:\Anaconda3\envs\pytorch\Lib;C:\Program Files (x86)\NVIDIA Corporation\PhysX\Common;C:\Program Files (x86)\NetSarang\Xshell 7;C:\Program Files\PuTTY;C:\Users\Bao\AppData\Local\Microsoft\WindowsApps;C:\Program Files\Bandizip;C:\Program Files\JetBrains\IntelliJ IDEA 2020.1\bin;C:\Program Files\JetBrains\WebStorm 2020.1\bin;C:\Users\Bao\AppData\Roaming\npm;C:\MinGW\bin;C:\Program Files\Azure Data Studio\bin;D:\PyCharm Community Edition 2021.2\bin;C:\Users\Bao\AppData\Local\Programs\Microsoft VS Code\bin
USERNAME=Bao
DISPLAY=:0.0
OS=Windows_NT
PROCESSOR_IDENTIFIER=Intel64 Family 6 Model 142 Stepping 12, GenuineIntel



---------------  S Y S T E M  ---------------

OS: Windows 10 , 64 bit Build 19041 (10.0.19041.1566)

CPU:total 8 (initial active 8) (4 cores per cpu, 2 threads per core) family 6 model 142 stepping 12, cmov, cx8, fxsr, mmx, sse, sse2, sse3, ssse3, sse4.1, sse4.2, popcnt, avx, avx2, aes, clmul, erms, 3dnowpref, lzcnt, ht, tsc, tscinvbit, bmi1, bmi2, adx, fma

Memory: 4k page, system-wide physical 16214M (3392M free)
TotalPageFile size 21180M (AvailPageFile size 48M)
current process WorkingSet (physical memory assigned to process): 10M, peak: 10M
current process commit charge ("private bytes"): 60M, peak: 314M

vm_info: OpenJDK 64-Bit Server VM (11.0.6+8-b765.25) for windows-amd64 JRE (11.0.6+8-b765.25), built on Mar 30 2020 12:57:22 by "" with MS VC++ 14.0 (VS2015)

END.
