{"type":"5","info":["","","","","2022-04-22 15:10:12.698","demo-server","10.254.74.211","1","","","com.demo.UserService.userFund","jres-svr","","1"],"myPackage":{"error_no":"-1","error_info":"","requestBody":"","exceptionStack":"java.lang.NullPointerException
	at com.demo.server.UserServiceImpl.userFund(UserServiceImpl.java:93)
	at com.alibaba.dubbo.common.bytecode.Wrapper2.invokeMethod(Wrapper2.java)
	at com.alibaba.dubbo.rpc.proxy.javassist.JavassistProxyFactory$1.doInvoke(JavassistProxyFactory.java:51)
	at com.alibaba.dubbo.rpc.proxy.AbstractProxyInvoker.invoke(AbstractProxyInvoker.java:77)
	at com.alibaba.dubbo.rpc.protocol.InvokerWrapper.invoke(InvokerWrapper.java:57)
	at com.alibaba.dubbo.rpc.filter.ExceptionFilter.invoke(ExceptionFilter.java:62)
	at com.alibaba.dubbo.rpc.protocol.ProtocolFilterWrapper$1.invoke(ProtocolFilterWrapper.java:117)
	at com.alibaba.dubbo.rpc.filter.TimeoutFilter.invoke(TimeoutFilter.java:43)
	at com.alibaba.dubbo.rpc.protocol.ProtocolFilterWrapper$1.invoke(ProtocolFilterWrapper.java:117)
	at com.alibaba.dubbo.rpc.protocol.dubbo.filter.TraceFilter.invoke(TraceFilter.java:79)
	at com.alibaba.dubbo.rpc.protocol.ProtocolFilterWrapper$1.invoke(ProtocolFilterWrapper.java:117)
	at com.alibaba.dubbo.monitor.support.MonitorFilter.invoke(MonitorFilter.java:76)
	at com.alibaba.dubbo.rpc.protocol.ProtocolFilterWrapper$1.invoke(ProtocolFilterWrapper.java:117)
	at com.hundsun.jrescloud.rpc.def.manager.filter.DebugProviderFilter.invoke(DebugProviderFilter.java:64)
	at com.alibaba.dubbo.rpc.protocol.ProtocolFilterWrapper$1.invoke(ProtocolFilterWrapper.java:117)
	at com.alibaba.dubbo.rpc.filter.ContextFilter.invoke(ContextFilter.java:87)
	at com.alibaba.dubbo.rpc.protocol.ProtocolFilterWrapper$1.invoke(ProtocolFilterWrapper.java:117)
	at com.alibaba.dubbo.rpc.filter.GenericFilter.invoke(GenericFilter.java:155)
	at com.alibaba.dubbo.rpc.protocol.ProtocolFilterWrapper$1.invoke(ProtocolFilterWrapper.java:117)
	at com.alibaba.dubbo.rpc.filter.ClassLoaderFilter.invoke(ClassLoaderFilter.java:39)
	at com.alibaba.dubbo.rpc.protocol.ProtocolFilterWrapper$1.invoke(ProtocolFilterWrapper.java:117)
	at com.alibaba.dubbo.rpc.filter.EchoFilter.invoke(EchoFilter.java:40)
	at com.alibaba.dubbo.rpc.protocol.ProtocolFilterWrapper$1.invoke(ProtocolFilterWrapper.java:117)
	at com.hundsun.jrescloud.rpc.def.filter.RpcResultWrapper.invoke(RpcResultWrapper.java:74)
	at com.alibaba.dubbo.rpc.protocol.ProtocolFilterWrapper$1.invoke(ProtocolFilterWrapper.java:117)
	at com.hundsun.jrescloud.rpc.def.monitor.filter.MonitorProviderFilter.invoke(MonitorProviderFilter.java:69)
	at com.alibaba.dubbo.rpc.protocol.ProtocolFilterWrapper$1.invoke(ProtocolFilterWrapper.java:117)
	at com.hundsun.jrescloud.rpc.def.bodyinfo.BodyInfoProviderFilter.invoke(BodyInfoProviderFilter.java:59)
	at com.alibaba.dubbo.rpc.protocol.ProtocolFilterWrapper$1.invoke(ProtocolFilterWrapper.java:117)
	at com.hundsun.jrescloud.rpc.def.log.LogContextFilter.invoke(LogContextFilter.java:31)
	at com.alibaba.dubbo.rpc.protocol.ProtocolFilterWrapper$1.invoke(ProtocolFilterWrapper.java:117)
	at com.hundsun.jrescloud.rpc.def.trace.TraceProviderFilter.invoke(TraceProviderFilter.java:131)
	at com.alibaba.dubbo.rpc.protocol.ProtocolFilterWrapper$1.invoke(ProtocolFilterWrapper.java:117)
	at com.alibaba.dubbo.rpc.protocol.t2.T2Protocol$1.reply(T2Protocol.java:141)
	at com.alibaba.dubbo.remoting.exchange.support.header.HeaderExchangeHandler.handleRequest(HeaderExchangeHandler.java:96)
	at com.alibaba.dubbo.remoting.exchange.support.header.HeaderExchangeHandler.received(HeaderExchangeHandler.java:186)
	at com.alibaba.dubbo.remoting.transport.DecodeHandler.received(DecodeHandler.java:53)
	at com.alibaba.dubbo.remoting.transport.dispatcher.ChannelEventRunnable.run(ChannelEventRunnable.java:83)
	at java.util.concurrent.ThreadPoolExecutor.runWorker(ThreadPoolExecutor.java:1149)
	at java.util.concurrent.ThreadPoolExecutor$Worker.run(ThreadPoolExecutor.java:624)
	at java.lang.Thread.run(Thread.java:748)

"}}
{"type":"5","info":["","","","","2022-04-22 15:10:12.780","demo-client","10.254.74.211","1","","","com.demo.UserService.userFund","jres-svr","","1"],"myPackage":{"error_no":"-1","error_info":"[-1][java.lang.NullPointerException]","requestBody":""}}
